2023-12-21 00:04:12,641 INFO com.business.manager.service.process.StaticDataRefresher [pool-1-thread-1] Refreshing cached static data from database.
2023-12-21 00:04:12,793 DEBUG com.business.manager.service.process.StaticDataRefresher [pool-1-thread-1] Successfully complted refreshing cached static data from database.
2023-12-21 00:15:42,947 WARN com.zaxxer.hikari.pool.HikariPool$HouseKeeper [HikariPool-1 housekeeper] HikariPool-1 - Thread starvation or clock leap detected (housekeeper delta=10m32s574ms).
2023-12-21 00:27:14,850 WARN com.zaxxer.hikari.pool.HikariPool$HouseKeeper [HikariPool-1 housekeeper] HikariPool-1 - Thread starvation or clock leap detected (housekeeper delta=11m31s907ms).
2023-12-21 00:37:47,878 WARN com.zaxxer.hikari.pool.HikariPool$HouseKeeper [HikariPool-1 housekeeper] HikariPool-1 - Thread starvation or clock leap detected (housekeeper delta=10m33s28ms).
2023-12-21 00:43:44,503 WARN com.zaxxer.hikari.pool.HikariPool$HouseKeeper [HikariPool-1 housekeeper] HikariPool-1 - Thread starvation or clock leap detected (housekeeper delta=5m56s625ms).
2023-12-21 00:54:55,434 WARN com.zaxxer.hikari.pool.HikariPool$HouseKeeper [HikariPool-1 housekeeper] HikariPool-1 - Thread starvation or clock leap detected (housekeeper delta=11m10s931ms).
2023-12-21 01:05:14,193 WARN com.zaxxer.hikari.pool.HikariPool$HouseKeeper [HikariPool-1 housekeeper] HikariPool-1 - Thread starvation or clock leap detected (housekeeper delta=10m18s759ms).
2023-12-21 01:15:51,274 WARN com.zaxxer.hikari.pool.HikariPool$HouseKeeper [HikariPool-1 housekeeper] HikariPool-1 - Thread starvation or clock leap detected (housekeeper delta=10m37s76ms).
2023-12-21 01:35:03,203 WARN com.zaxxer.hikari.pool.HikariPool$HouseKeeper [HikariPool-1 housekeeper] HikariPool-1 - Thread starvation or clock leap detected (housekeeper delta=19m11s931ms).
2023-12-21 01:45:39,922 WARN com.zaxxer.hikari.pool.HikariPool$HouseKeeper [HikariPool-1 housekeeper] HikariPool-1 - Thread starvation or clock leap detected (housekeeper delta=10m36s719ms).
2023-12-21 01:56:16,633 WARN com.zaxxer.hikari.pool.HikariPool$HouseKeeper [HikariPool-1 housekeeper] HikariPool-1 - Thread starvation or clock leap detected (housekeeper delta=10m36s710ms).
2023-12-21 02:06:05,234 WARN com.zaxxer.hikari.pool.HikariPool$HouseKeeper [HikariPool-1 housekeeper] HikariPool-1 - Thread starvation or clock leap detected (housekeeper delta=9m48s603ms).
2023-12-21 02:16:41,715 WARN com.zaxxer.hikari.pool.HikariPool$HouseKeeper [HikariPool-1 housekeeper] HikariPool-1 - Thread starvation or clock leap detected (housekeeper delta=10m36s481ms).
2023-12-21 02:27:18,313 WARN com.zaxxer.hikari.pool.HikariPool$HouseKeeper [HikariPool-1 housekeeper] HikariPool-1 - Thread starvation or clock leap detected (housekeeper delta=10m36s597ms).
2023-12-21 02:37:55,797 WARN com.zaxxer.hikari.pool.HikariPool$HouseKeeper [HikariPool-1 housekeeper] HikariPool-1 - Thread starvation or clock leap detected (housekeeper delta=10m37s479ms).
2023-12-21 02:48:32,371 WARN com.zaxxer.hikari.pool.HikariPool$HouseKeeper [HikariPool-1 housekeeper] HikariPool-1 - Thread starvation or clock leap detected (housekeeper delta=10m36s579ms).
2023-12-21 02:59:09,696 WARN com.zaxxer.hikari.pool.HikariPool$HouseKeeper [HikariPool-1 housekeeper] HikariPool-1 - Thread starvation or clock leap detected (housekeeper delta=10m37s324ms).
2023-12-21 03:09:45,453 WARN com.zaxxer.hikari.pool.HikariPool$HouseKeeper [HikariPool-1 housekeeper] HikariPool-1 - Thread starvation or clock leap detected (housekeeper delta=10m35s757ms).
2023-12-21 03:20:22,870 WARN com.zaxxer.hikari.pool.HikariPool$HouseKeeper [HikariPool-1 housekeeper] HikariPool-1 - Thread starvation or clock leap detected (housekeeper delta=10m37s420ms).
2023-12-21 03:31:01,866 WARN com.zaxxer.hikari.pool.HikariPool$HouseKeeper [HikariPool-1 housekeeper] HikariPool-1 - Thread starvation or clock leap detected (housekeeper delta=10m38s995ms).
2023-12-21 03:41:36,869 WARN com.zaxxer.hikari.pool.HikariPool$HouseKeeper [HikariPool-1 housekeeper] HikariPool-1 - Thread starvation or clock leap detected (housekeeper delta=10m34s999ms).
2023-12-21 03:52:13,445 WARN com.zaxxer.hikari.pool.HikariPool$HouseKeeper [HikariPool-1 housekeeper] HikariPool-1 - Thread starvation or clock leap detected (housekeeper delta=10m36s579ms).
2023-12-21 04:02:49,995 WARN com.zaxxer.hikari.pool.HikariPool$HouseKeeper [HikariPool-1 housekeeper] HikariPool-1 - Thread starvation or clock leap detected (housekeeper delta=10m36s551ms).
2023-12-21 04:13:25,836 WARN com.zaxxer.hikari.pool.HikariPool$HouseKeeper [HikariPool-1 housekeeper] HikariPool-1 - Thread starvation or clock leap detected (housekeeper delta=10m35s840ms).
2023-12-21 04:24:00,599 WARN com.zaxxer.hikari.pool.HikariPool$HouseKeeper [HikariPool-1 housekeeper] HikariPool-1 - Thread starvation or clock leap detected (housekeeper delta=10m34s763ms).
2023-12-21 04:34:37,195 WARN com.zaxxer.hikari.pool.HikariPool$HouseKeeper [HikariPool-1 housekeeper] HikariPool-1 - Thread starvation or clock leap detected (housekeeper delta=10m36s595ms).
2023-12-21 04:45:14,596 WARN com.zaxxer.hikari.pool.HikariPool$HouseKeeper [HikariPool-1 housekeeper] HikariPool-1 - Thread starvation or clock leap detected (housekeeper delta=10m37s401ms).
2023-12-21 04:55:50,418 WARN com.zaxxer.hikari.pool.HikariPool$HouseKeeper [HikariPool-1 housekeeper] HikariPool-1 - Thread starvation or clock leap detected (housekeeper delta=10m35s824ms).
2023-12-21 05:06:26,077 WARN com.zaxxer.hikari.pool.HikariPool$HouseKeeper [HikariPool-1 housekeeper] HikariPool-1 - Thread starvation or clock leap detected (housekeeper delta=10m35s658ms).
2023-12-21 05:17:02,696 WARN com.zaxxer.hikari.pool.HikariPool$HouseKeeper [HikariPool-1 housekeeper] HikariPool-1 - Thread starvation or clock leap detected (housekeeper delta=10m36s620ms).
2023-12-21 05:27:36,935 WARN com.zaxxer.hikari.pool.HikariPool$HouseKeeper [HikariPool-1 housekeeper] HikariPool-1 - Thread starvation or clock leap detected (housekeeper delta=10m34s227ms).
2023-12-21 05:38:11,978 WARN com.zaxxer.hikari.pool.HikariPool$HouseKeeper [HikariPool-1 housekeeper] HikariPool-1 - Thread starvation or clock leap detected (housekeeper delta=10m35s55ms).
2023-12-21 05:48:50,175 WARN com.zaxxer.hikari.pool.HikariPool$HouseKeeper [HikariPool-1 housekeeper] HikariPool-1 - Thread starvation or clock leap detected (housekeeper delta=10m38s194ms).
2023-12-21 05:59:27,550 WARN com.zaxxer.hikari.pool.HikariPool$HouseKeeper [HikariPool-1 housekeeper] HikariPool-1 - Thread starvation or clock leap detected (housekeeper delta=10m37s375ms).
2023-12-21 06:11:56,911 WARN com.zaxxer.hikari.pool.HikariPool$HouseKeeper [HikariPool-1 housekeeper] HikariPool-1 - Thread starvation or clock leap detected (housekeeper delta=12m29s363ms).
2023-12-21 06:22:35,091 WARN com.zaxxer.hikari.pool.HikariPool$HouseKeeper [HikariPool-1 housekeeper] HikariPool-1 - Thread starvation or clock leap detected (housekeeper delta=10m38s180ms).
2023-12-21 06:33:09,941 WARN com.zaxxer.hikari.pool.HikariPool$HouseKeeper [HikariPool-1 housekeeper] HikariPool-1 - Thread starvation or clock leap detected (housekeeper delta=10m34s850ms).
2023-12-21 06:43:44,794 WARN com.zaxxer.hikari.pool.HikariPool$HouseKeeper [HikariPool-1 housekeeper] HikariPool-1 - Thread starvation or clock leap detected (housekeeper delta=10m34s855ms).
2023-12-21 06:54:20,375 WARN com.zaxxer.hikari.pool.HikariPool$HouseKeeper [HikariPool-1 housekeeper] HikariPool-1 - Thread starvation or clock leap detected (housekeeper delta=10m35s580ms).
2023-12-21 07:04:57,684 WARN com.zaxxer.hikari.pool.HikariPool$HouseKeeper [HikariPool-1 housekeeper] HikariPool-1 - Thread starvation or clock leap detected (housekeeper delta=10m37s310ms).
2023-12-21 07:15:36,613 WARN com.zaxxer.hikari.pool.HikariPool$HouseKeeper [HikariPool-1 housekeeper] HikariPool-1 - Thread starvation or clock leap detected (housekeeper delta=10m38s928ms).
2023-12-21 07:26:15,866 WARN com.zaxxer.hikari.pool.HikariPool$HouseKeeper [HikariPool-1 housekeeper] HikariPool-1 - Thread starvation or clock leap detected (housekeeper delta=10m39s217ms).
2023-12-21 07:36:58,623 WARN com.zaxxer.hikari.pool.HikariPool$HouseKeeper [HikariPool-1 housekeeper] HikariPool-1 - Thread starvation or clock leap detected (housekeeper delta=10m42s787ms).
2023-12-21 07:47:35,464 WARN com.zaxxer.hikari.pool.HikariPool$HouseKeeper [HikariPool-1 housekeeper] HikariPool-1 - Thread starvation or clock leap detected (housekeeper delta=10m36s847ms).
2023-12-21 07:58:11,851 WARN com.zaxxer.hikari.pool.HikariPool$HouseKeeper [HikariPool-1 housekeeper] HikariPool-1 - Thread starvation or clock leap detected (housekeeper delta=10m36s386ms).
2023-12-21 08:02:34,365 WARN com.zaxxer.hikari.pool.HikariPool$HouseKeeper [HikariPool-1 housekeeper] HikariPool-1 - Thread starvation or clock leap detected (housekeeper delta=4m22s514ms).
2023-12-21 08:13:10,972 WARN com.zaxxer.hikari.pool.HikariPool$HouseKeeper [HikariPool-1 housekeeper] HikariPool-1 - Thread starvation or clock leap detected (housekeeper delta=10m36s607ms).
2023-12-21 08:23:49,547 WARN com.zaxxer.hikari.pool.HikariPool$HouseKeeper [HikariPool-1 housekeeper] HikariPool-1 - Thread starvation or clock leap detected (housekeeper delta=10m38s575ms).
2023-12-21 08:33:22,461 WARN com.zaxxer.hikari.pool.HikariPool$HouseKeeper [HikariPool-1 housekeeper] HikariPool-1 - Thread starvation or clock leap detected (housekeeper delta=9m32s916ms).
2023-12-21 08:35:55,913 WARN com.zaxxer.hikari.pool.HikariPool$HouseKeeper [HikariPool-1 housekeeper] HikariPool-1 - Thread starvation or clock leap detected (housekeeper delta=2m33s451ms).
2023-12-21 08:40:16,697 INFO com.business.manager.service.process.StaticDataRefresher [pool-1-thread-1] Refreshing cached static data from database.
2023-12-21 08:40:16,841 DEBUG com.business.manager.service.process.StaticDataRefresher [pool-1-thread-1] Successfully complted refreshing cached static data from database.
2023-12-21 09:04:47,558 ERROR com.business.manager.security.security.RestAuthenticationEntryPoint [http-nio-8090-exec-1] Responding with unauthorized error. Message - Full authentication is required to access this resource
2023-12-21 09:10:16,696 INFO com.business.manager.service.process.StaticDataRefresher [pool-1-thread-1] Refreshing cached static data from database.
2023-12-21 09:10:16,947 DEBUG com.business.manager.service.process.StaticDataRefresher [pool-1-thread-1] Successfully complted refreshing cached static data from database.
2023-12-21 09:40:16,687 INFO com.business.manager.service.process.StaticDataRefresher [pool-1-thread-1] Refreshing cached static data from database.
2023-12-21 09:40:16,831 DEBUG com.business.manager.service.process.StaticDataRefresher [pool-1-thread-1] Successfully complted refreshing cached static data from database.
2023-12-21 10:10:16,699 INFO com.business.manager.service.process.StaticDataRefresher [pool-1-thread-1] Refreshing cached static data from database.
2023-12-21 10:10:16,888 DEBUG com.business.manager.service.process.StaticDataRefresher [pool-1-thread-1] Successfully complted refreshing cached static data from database.
2023-12-21 10:40:16,708 INFO com.business.manager.service.process.StaticDataRefresher [pool-1-thread-1] Refreshing cached static data from database.
2023-12-21 10:40:16,919 DEBUG com.business.manager.service.process.StaticDataRefresher [pool-1-thread-1] Successfully complted refreshing cached static data from database.
2023-12-21 11:10:16,700 INFO com.business.manager.service.process.StaticDataRefresher [pool-1-thread-1] Refreshing cached static data from database.
2023-12-21 11:10:17,177 DEBUG com.business.manager.service.process.StaticDataRefresher [pool-1-thread-1] Successfully complted refreshing cached static data from database.
2023-12-21 11:40:16,715 INFO com.business.manager.service.process.StaticDataRefresher [pool-1-thread-1] Refreshing cached static data from database.
2023-12-21 11:40:16,910 DEBUG com.business.manager.service.process.StaticDataRefresher [pool-1-thread-1] Successfully complted refreshing cached static data from database.
2023-12-21 12:10:16,726 INFO com.business.manager.service.process.StaticDataRefresher [pool-1-thread-1] Refreshing cached static data from database.
2023-12-21 12:10:16,911 DEBUG com.business.manager.service.process.StaticDataRefresher [pool-1-thread-1] Successfully complted refreshing cached static data from database.
2023-12-21 12:27:31,901 WARN com.zaxxer.hikari.pool.HikariPool$HouseKeeper [HikariPool-1 housekeeper] HikariPool-1 - Thread starvation or clock leap detected (housekeeper delta=10m34s583ms).
2023-12-21 12:38:04,692 WARN com.zaxxer.hikari.pool.HikariPool$HouseKeeper [HikariPool-1 housekeeper] HikariPool-1 - Thread starvation or clock leap detected (housekeeper delta=10m32s844ms).
2023-12-21 12:48:37,168 WARN com.zaxxer.hikari.pool.HikariPool$HouseKeeper [HikariPool-1 housekeeper] HikariPool-1 - Thread starvation or clock leap detected (housekeeper delta=10m32s476ms).
2023-12-21 12:59:09,881 WARN com.zaxxer.hikari.pool.HikariPool$HouseKeeper [HikariPool-1 housekeeper] HikariPool-1 - Thread starvation or clock leap detected (housekeeper delta=10m32s713ms).
2023-12-21 13:03:42,859 WARN com.zaxxer.hikari.pool.HikariPool$HouseKeeper [HikariPool-1 housekeeper] HikariPool-1 - Thread starvation or clock leap detected (housekeeper delta=4m32s976ms).
2023-12-21 13:24:31,985 INFO com.business.manager.service.process.StaticDataRefresher [pool-1-thread-1] Refreshing cached static data from database.
2023-12-21 13:24:32,289 DEBUG com.business.manager.service.process.StaticDataRefresher [pool-1-thread-1] Successfully complted refreshing cached static data from database.
2023-12-21 13:54:31,995 INFO com.business.manager.service.process.StaticDataRefresher [pool-1-thread-1] Refreshing cached static data from database.
2023-12-21 13:54:32,342 DEBUG com.business.manager.service.process.StaticDataRefresher [pool-1-thread-1] Successfully complted refreshing cached static data from database.
2023-12-21 14:24:31,951 INFO com.business.manager.service.process.StaticDataRefresher [pool-1-thread-1] Refreshing cached static data from database.
2023-12-21 14:24:32,305 DEBUG com.business.manager.service.process.StaticDataRefresher [pool-1-thread-1] Successfully complted refreshing cached static data from database.
2023-12-21 14:54:31,898 INFO com.business.manager.service.process.StaticDataRefresher [pool-1-thread-1] Refreshing cached static data from database.
2023-12-21 14:54:32,166 DEBUG com.business.manager.service.process.StaticDataRefresher [pool-1-thread-1] Successfully complted refreshing cached static data from database.
2023-12-21 15:20:55,825 WARN com.zaxxer.hikari.pool.HikariPool$HouseKeeper [HikariPool-1 housekeeper] HikariPool-1 - Thread starvation or clock leap detected (housekeeper delta=17m40s173ms).
2023-12-21 15:21:57,449 WARN com.zaxxer.hikari.pool.HikariPool$HouseKeeper [HikariPool-1 housekeeper] HikariPool-1 - Retrograde clock change detected (housekeeper delta=29s768ms), soft-evicting connections from pool.
2023-12-21 15:41:41,952 INFO com.business.manager.service.process.StaticDataRefresher [pool-1-thread-1] Refreshing cached static data from database.
2023-12-21 15:41:42,195 DEBUG com.business.manager.service.process.StaticDataRefresher [pool-1-thread-1] Successfully complted refreshing cached static data from database.
2023-12-21 16:11:41,891 INFO com.business.manager.service.process.StaticDataRefresher [pool-1-thread-1] Refreshing cached static data from database.
2023-12-21 16:11:42,051 DEBUG com.business.manager.service.process.StaticDataRefresher [pool-1-thread-1] Successfully complted refreshing cached static data from database.
2023-12-21 16:41:41,863 INFO com.business.manager.service.process.StaticDataRefresher [pool-1-thread-1] Refreshing cached static data from database.
2023-12-21 16:41:42,106 DEBUG com.business.manager.service.process.StaticDataRefresher [pool-1-thread-1] Successfully complted refreshing cached static data from database.
2023-12-21 17:11:41,931 INFO com.business.manager.service.process.StaticDataRefresher [pool-1-thread-1] Refreshing cached static data from database.
2023-12-21 17:11:42,032 DEBUG com.business.manager.service.process.StaticDataRefresher [pool-1-thread-1] Successfully complted refreshing cached static data from database.
2023-12-21 17:24:17,614 WARN com.zaxxer.hikari.pool.HikariPool$HouseKeeper [HikariPool-1 housekeeper] HikariPool-1 - Thread starvation or clock leap detected (housekeeper delta=1m17s640ms).
2023-12-21 17:31:03,909 WARN com.zaxxer.hikari.pool.HikariPool$HouseKeeper [HikariPool-1 housekeeper] HikariPool-1 - Thread starvation or clock leap detected (housekeeper delta=6m46s298ms).
2023-12-21 17:41:38,177 WARN com.zaxxer.hikari.pool.HikariPool$HouseKeeper [HikariPool-1 housekeeper] HikariPool-1 - Thread starvation or clock leap detected (housekeeper delta=10m34s268ms).
2023-12-21 17:51:33,168 WARN com.zaxxer.hikari.pool.HikariPool$HouseKeeper [HikariPool-1 housekeeper] HikariPool-1 - Thread starvation or clock leap detected (housekeeper delta=9m54s991ms).
2023-12-21 18:00:19,894 WARN com.zaxxer.hikari.pool.HikariPool$HouseKeeper [HikariPool-1 housekeeper] HikariPool-1 - Thread starvation or clock leap detected (housekeeper delta=8m46s725ms).
2023-12-21 18:16:31,758 INFO com.business.manager.service.process.StaticDataRefresher [pool-1-thread-1] Refreshing cached static data from database.
2023-12-21 18:16:32,521 DEBUG com.business.manager.service.process.StaticDataRefresher [pool-1-thread-1] Successfully complted refreshing cached static data from database.
2023-12-21 18:46:31,772 INFO com.business.manager.service.process.StaticDataRefresher [pool-1-thread-1] Refreshing cached static data from database.
2023-12-21 18:46:32,119 DEBUG com.business.manager.service.process.StaticDataRefresher [pool-1-thread-1] Successfully complted refreshing cached static data from database.
2023-12-21 19:16:31,786 INFO com.business.manager.service.process.StaticDataRefresher [pool-1-thread-1] Refreshing cached static data from database.
2023-12-21 19:16:32,052 DEBUG com.business.manager.service.process.StaticDataRefresher [pool-1-thread-1] Successfully complted refreshing cached static data from database.
2023-12-21 19:46:31,770 INFO com.business.manager.service.process.StaticDataRefresher [pool-1-thread-1] Refreshing cached static data from database.
2023-12-21 19:46:32,104 DEBUG com.business.manager.service.process.StaticDataRefresher [pool-1-thread-1] Successfully complted refreshing cached static data from database.
2023-12-21 20:16:31,801 INFO com.business.manager.service.process.StaticDataRefresher [pool-1-thread-1] Refreshing cached static data from database.
2023-12-21 20:16:32,189 DEBUG com.business.manager.service.process.StaticDataRefresher [pool-1-thread-1] Successfully complted refreshing cached static data from database.
2023-12-21 20:21:22,261 WARN com.zaxxer.hikari.pool.HikariPool$HouseKeeper [HikariPool-1 housekeeper] HikariPool-1 - Retrograde clock change detected (housekeeper delta=29s823ms), soft-evicting connections from pool.
2023-12-21 20:22:56,876 WARN com.zaxxer.hikari.pool.HikariPool$HouseKeeper [HikariPool-1 housekeeper] HikariPool-1 - Thread starvation or clock leap detected (housekeeper delta=1m34s635ms).
2023-12-21 20:35:41,275 WARN com.zaxxer.hikari.pool.HikariPool$HouseKeeper [HikariPool-1 housekeeper] HikariPool-1 - Thread starvation or clock leap detected (housekeeper delta=5m14s336ms).
2023-12-21 20:48:44,475 WARN com.zaxxer.hikari.pool.HikariPool$HouseKeeper [HikariPool-1 housekeeper] HikariPool-1 - Thread starvation or clock leap detected (housekeeper delta=9m33s114ms).
2023-12-21 21:01:23,766 INFO com.business.manager.service.process.StaticDataRefresher [pool-1-thread-1] Refreshing cached static data from database.
2023-12-21 21:01:24,226 DEBUG com.business.manager.service.process.StaticDataRefresher [pool-1-thread-1] Successfully complted refreshing cached static data from database.
2023-12-21 21:13:15,050 WARN com.zaxxer.hikari.pool.HikariPool$HouseKeeper [HikariPool-1 housekeeper] HikariPool-1 - Thread starvation or clock leap detected (housekeeper delta=10m30s297ms).
2023-12-21 21:23:46,024 WARN com.zaxxer.hikari.pool.HikariPool$HouseKeeper [HikariPool-1 housekeeper] HikariPool-1 - Thread starvation or clock leap detected (housekeeper delta=10m31s3ms).
2023-12-21 21:34:18,467 WARN com.zaxxer.hikari.pool.HikariPool$HouseKeeper [HikariPool-1 housekeeper] HikariPool-1 - Thread starvation or clock leap detected (housekeeper delta=10m32s443ms).
2023-12-21 21:44:50,730 WARN com.zaxxer.hikari.pool.HikariPool$HouseKeeper [HikariPool-1 housekeeper] HikariPool-1 - Thread starvation or clock leap detected (housekeeper delta=10m32s263ms).
2023-12-21 21:55:25,018 WARN com.zaxxer.hikari.pool.HikariPool$HouseKeeper [HikariPool-1 housekeeper] HikariPool-1 - Thread starvation or clock leap detected (housekeeper delta=10m34s275ms).
2023-12-21 22:06:25,313 WARN com.zaxxer.hikari.pool.HikariPool$HouseKeeper [HikariPool-1 housekeeper] HikariPool-1 - Thread starvation or clock leap detected (housekeeper delta=10m30s171ms).
2023-12-21 22:16:58,336 WARN com.zaxxer.hikari.pool.HikariPool$HouseKeeper [HikariPool-1 housekeeper] HikariPool-1 - Thread starvation or clock leap detected (housekeeper delta=10m33s22ms).
2023-12-21 22:37:34,910 WARN com.zaxxer.hikari.pool.HikariPool$HouseKeeper [HikariPool-1 housekeeper] HikariPool-1 - Thread starvation or clock leap detected (housekeeper delta=20m36s575ms).
2023-12-21 22:48:06,716 WARN com.zaxxer.hikari.pool.HikariPool$HouseKeeper [HikariPool-1 housekeeper] HikariPool-1 - Thread starvation or clock leap detected (housekeeper delta=10m31s806ms).
2023-12-21 22:58:38,972 WARN com.zaxxer.hikari.pool.HikariPool$HouseKeeper [HikariPool-1 housekeeper] HikariPool-1 - Thread starvation or clock leap detected (housekeeper delta=10m32s255ms).
2023-12-21 23:21:47,936 INFO com.business.manager.service.process.StaticDataRefresher [pool-1-thread-1] Refreshing cached static data from database.
2023-12-21 23:21:48,311 DEBUG com.business.manager.service.process.StaticDataRefresher [pool-1-thread-1] Successfully complted refreshing cached static data from database.
2023-12-21 23:35:13,688 WARN com.zaxxer.hikari.pool.HikariPool$HouseKeeper [HikariPool-1 housekeeper] HikariPool-1 - Thread starvation or clock leap detected (housekeeper delta=10m33s481ms).
2023-12-21 23:45:47,368 WARN com.zaxxer.hikari.pool.HikariPool$HouseKeeper [HikariPool-1 housekeeper] HikariPool-1 - Thread starvation or clock leap detected (housekeeper delta=10m33s682ms).
2023-12-21 23:56:19,890 WARN com.zaxxer.hikari.pool.HikariPool$HouseKeeper [HikariPool-1 housekeeper] HikariPool-1 - Thread starvation or clock leap detected (housekeeper delta=10m32s522ms).
2023-12-21 23:57:24,010 WARN com.zaxxer.hikari.pool.HikariPool$HouseKeeper [HikariPool-1 housekeeper] HikariPool-1 - Thread starvation or clock leap detected (housekeeper delta=1m4s120ms).
