2023-12-30 11:35:23,060 WARN com.zaxxer.hikari.pool.HikariPool$HouseKeeper [HikariPool-1 housekeeper] HikariPool-1 - Thread starvation or clock leap detected (housekeeper delta=12h48m19s270ms).
2023-12-30 11:35:51,083 WARN com.zaxxer.hikari.pool.HikariPool$HouseKeeper [HikariPool-1 housekeeper] HikariPool-1 - Retrograde clock change detected (housekeeper delta=28s38ms), soft-evicting connections from pool.
2023-12-30 11:43:45,292 INFO com.business.manager.service.process.StaticDataRefresher [pool-1-thread-1] Refreshing cached static data from database.
2023-12-30 11:43:45,556 DEBUG com.business.manager.service.process.StaticDataRefresher [pool-1-thread-1] Successfully complted refreshing cached static data from database.
2023-12-30 11:44:25,957 INFO org.springframework.scheduling.concurrent.ExecutorConfigurationSupport [SpringContextShutdownHook] Shutting down ExecutorService 'applicationTaskExecutor'
2023-12-30 11:44:25,981 INFO org.springframework.orm.jpa.AbstractEntityManagerFactoryBean [SpringContextShutdownHook] Closing JPA EntityManagerFactory for persistence unit 'default'
2023-12-30 11:44:26,020 INFO com.zaxxer.hikari.HikariDataSource [SpringContextShutdownHook] HikariPool-1 - Shutdown initiated...
2023-12-30 11:44:26,056 INFO com.zaxxer.hikari.HikariDataSource [SpringContextShutdownHook] HikariPool-1 - Shutdown completed.
2023-12-30 20:12:59,230 INFO org.springframework.boot.StartupInfoLogger [main] Starting ServiceApplication on Feyas-MacBook-Air.local with PID 76113 (/Users/netflix/Desktop/lms/backend/lead-management-system/service/target/classes started by netflix in /Users/netflix/Desktop/lms/backend/lead-management-system)
2023-12-30 20:12:59,238 DEBUG org.springframework.boot.StartupInfoLogger [main] Running with Spring Boot v2.3.3.RELEASE, Spring v5.2.8.RELEASE
2023-12-30 20:12:59,239 INFO org.springframework.boot.SpringApplication [main] No active profile set, falling back to default profiles: default
2023-12-30 20:13:01,883 INFO org.springframework.data.repository.config.RepositoryConfigurationDelegate [main] Bootstrapping Spring Data JPA repositories in DEFAULT mode.
2023-12-30 20:13:02,337 INFO org.springframework.data.repository.config.RepositoryConfigurationDelegate [main] Finished Spring Data repository scanning in 385ms. Found 4 JPA repository interfaces.
2023-12-30 20:13:03,873 INFO org.springframework.context.support.PostProcessorRegistrationDelegate$BeanPostProcessorChecker [main] Bean 'org.springframework.security.access.expression.method.DefaultMethodSecurityExpressionHandler@1e12a5a6' of type [org.springframework.security.access.expression.method.DefaultMethodSecurityExpressionHandler] is not eligible for getting processed by all BeanPostProcessors (for example: not eligible for auto-proxying)
2023-12-30 20:13:03,896 INFO org.springframework.context.support.PostProcessorRegistrationDelegate$BeanPostProcessorChecker [main] Bean 'methodSecurityMetadataSource' of type [org.springframework.security.access.method.DelegatingMethodSecurityMetadataSource] is not eligible for getting processed by all BeanPostProcessors (for example: not eligible for auto-proxying)
2023-12-30 20:13:04,697 INFO org.springframework.boot.web.embedded.tomcat.TomcatWebServer [main] Tomcat initialized with port(s): 8090 (http)
2023-12-30 20:13:04,727 INFO org.apache.juli.logging.DirectJDKLog [main] Initializing ProtocolHandler ["http-nio-8090"]
2023-12-30 20:13:04,729 INFO org.apache.juli.logging.DirectJDKLog [main] Starting service [Tomcat]
2023-12-30 20:13:04,729 INFO org.apache.juli.logging.DirectJDKLog [main] Starting Servlet engine: [Apache Tomcat/9.0.37]
2023-12-30 20:13:05,009 INFO org.apache.juli.logging.DirectJDKLog [main] Initializing Spring embedded WebApplicationContext
2023-12-30 20:13:05,010 INFO org.springframework.boot.web.servlet.context.ServletWebServerApplicationContext [main] Root WebApplicationContext: initialization completed in 5594 ms
2023-12-30 20:13:05,285 WARN org.springframework.boot.autoconfigure.orm.jpa.JpaBaseConfiguration$JpaWebConfiguration [main] spring.jpa.open-in-view is enabled by default. Therefore, database queries may be performed during view rendering. Explicitly configure spring.jpa.open-in-view to disable this warning
2023-12-30 20:13:05,961 INFO org.hibernate.jpa.internal.util.LogHelper [main] HHH000204: Processing PersistenceUnitInfo [name: default]
2023-12-30 20:13:06,192 INFO org.hibernate.Version [main] HHH000412: Hibernate ORM core version 5.4.20.Final
2023-12-30 20:13:06,831 INFO org.hibernate.annotations.common.reflection.java.JavaReflectionManager [main] HCANN000001: Hibernate Commons Annotations {5.1.0.Final}
2023-12-30 20:13:07,166 INFO com.zaxxer.hikari.HikariDataSource [main] HikariPool-1 - Starting...
2023-12-30 20:13:07,756 INFO com.zaxxer.hikari.HikariDataSource [main] HikariPool-1 - Start completed.
2023-12-30 20:13:07,795 INFO org.hibernate.dialect.Dialect [main] HHH000400: Using dialect: org.hibernate.dialect.MySQL8Dialect
2023-12-30 20:13:09,641 INFO org.hibernate.engine.transaction.jta.platform.internal.JtaPlatformInitiator [main] HHH000490: Using JtaPlatform implementation: [org.hibernate.engine.transaction.jta.platform.internal.NoJtaPlatform]
2023-12-30 20:13:09,656 INFO org.springframework.orm.jpa.AbstractEntityManagerFactoryBean [main] Initialized JPA EntityManagerFactory for persistence unit 'default'
2023-12-30 20:13:10,843 DEBUG org.springframework.web.filter.GenericFilterBean [main] Filter 'tokenAuthenticationFilter' configured for use
2023-12-30 20:13:11,358 INFO com.business.manager.service.SchedulerInitializer [main] Scheduling all Manager to run at configured time
2023-12-30 20:13:12,117 INFO springfox.documentation.spring.web.PropertySourcedRequestMappingHandlerMapping [main] Mapped URL path [/v2/api-docs] onto method [springfox.documentation.swagger2.web.Swagger2Controller#getDocumentation(String, HttpServletRequest)]
2023-12-30 20:13:12,720 INFO org.springframework.security.web.DefaultSecurityFilterChain [main] Creating filter chain: Mvc [pattern='/**', OPTIONS], []
2023-12-30 20:13:12,721 INFO org.springframework.security.web.DefaultSecurityFilterChain [main] Creating filter chain: Mvc [pattern='/swagger-ui.html/**'], []
2023-12-30 20:13:12,721 INFO org.springframework.security.web.DefaultSecurityFilterChain [main] Creating filter chain: Mvc [pattern='/configuration/**'], []
2023-12-30 20:13:12,721 INFO org.springframework.security.web.DefaultSecurityFilterChain [main] Creating filter chain: Mvc [pattern='/swagger-resources/**'], []
2023-12-30 20:13:12,722 INFO org.springframework.security.web.DefaultSecurityFilterChain [main] Creating filter chain: Mvc [pattern='/v2/api-docs'], []
2023-12-30 20:13:12,722 INFO org.springframework.security.web.DefaultSecurityFilterChain [main] Creating filter chain: Mvc [pattern='/webjars/**'], []
2023-12-30 20:13:12,923 INFO org.springframework.security.web.DefaultSecurityFilterChain [main] Creating filter chain: any request, [org.springframework.security.web.context.request.async.WebAsyncManagerIntegrationFilter@1c0ec502, org.springframework.security.web.context.SecurityContextPersistenceFilter@207358ad, org.springframework.security.web.header.HeaderWriterFilter@6a9b8f33, org.springframework.web.filter.CorsFilter@6287e312, org.springframework.security.web.authentication.logout.LogoutFilter@23f27434, org.springframework.security.oauth2.client.web.OAuth2AuthorizationRequestRedirectFilter@e00c94e, org.springframework.security.oauth2.client.web.OAuth2LoginAuthenticationFilter@b2db8bc, com.business.manager.security.security.TokenAuthenticationFilter@202d1424, org.springframework.security.web.savedrequest.RequestCacheAwareFilter@62d818c6, org.springframework.security.web.servletapi.SecurityContextHolderAwareRequestFilter@333d5a0c, org.springframework.security.web.authentication.AnonymousAuthenticationFilter@6a450cb5, org.springframework.security.web.session.SessionManagementFilter@7375ebe7, org.springframework.security.web.access.ExceptionTranslationFilter@359903b6, org.springframework.security.web.access.intercept.FilterSecurityInterceptor@a486851]
2023-12-30 20:13:13,199 INFO org.springframework.scheduling.concurrent.ExecutorConfigurationSupport [main] Initializing ExecutorService 'applicationTaskExecutor'
2023-12-30 20:13:13,617 INFO org.apache.juli.logging.DirectJDKLog [main] Starting ProtocolHandler ["http-nio-8090"]
2023-12-30 20:13:13,713 INFO org.springframework.boot.web.embedded.tomcat.TomcatWebServer [main] Tomcat started on port(s): 8090 (http) with context path ''
2023-12-30 20:13:13,715 INFO springfox.documentation.spring.web.plugins.DocumentationPluginsBootstrapper [main] Context refreshed
2023-12-30 20:13:13,782 INFO springfox.documentation.spring.web.plugins.DocumentationPluginsBootstrapper [main] Found 1 custom documentation plugin(s)
2023-12-30 20:13:13,859 INFO springfox.documentation.spring.web.scanners.ApiListingReferenceScanner [main] Scanning for api listing references
2023-12-30 20:13:14,290 INFO org.springframework.boot.StartupInfoLogger [main] Started ServiceApplication in 21.817 seconds (JVM running for 23.587)
2023-12-30 20:13:21,565 INFO org.apache.juli.logging.DirectJDKLog [http-nio-8090-exec-1] Initializing Spring DispatcherServlet 'dispatcherServlet'
2023-12-30 20:13:21,567 INFO org.springframework.web.servlet.FrameworkServlet [http-nio-8090-exec-1] Initializing Servlet 'dispatcherServlet'
2023-12-30 20:13:21,587 INFO org.springframework.web.servlet.FrameworkServlet [http-nio-8090-exec-1] Completed initialization in 20 ms
2023-12-30 20:13:27,636 ERROR com.business.manager.security.security.RestAuthenticationEntryPoint [http-nio-8090-exec-4] Responding with unauthorized error. Message - Full authentication is required to access this resource
2023-12-30 20:43:11,332 INFO com.business.manager.service.process.StaticDataRefresher [pool-1-thread-1] Refreshing cached static data from database.
2023-12-30 20:43:11,449 DEBUG com.business.manager.service.process.StaticDataRefresher [pool-1-thread-1] Successfully complted refreshing cached static data from database.
2023-12-30 20:52:37,930 WARN org.springframework.web.servlet.mvc.method.annotation.ResponseEntityExceptionHandler [http-nio-8090-exec-3] Request method 'POST' not supported
2023-12-30 20:53:16,554 WARN org.springframework.web.servlet.mvc.method.annotation.ResponseEntityExceptionHandler [http-nio-8090-exec-7] Request method 'POST' not supported
2023-12-30 20:53:29,675 WARN org.springframework.web.servlet.mvc.method.annotation.ResponseEntityExceptionHandler [http-nio-8090-exec-6] Request method 'POST' not supported
2023-12-30 20:53:29,685 WARN org.springframework.web.servlet.mvc.method.annotation.ResponseEntityExceptionHandler [http-nio-8090-exec-1] Request method 'POST' not supported
2023-12-30 20:54:10,436 ERROR com.business.manager.security.security.RestAuthenticationEntryPoint [http-nio-8090-exec-3] Responding with unauthorized error. Message - Full authentication is required to access this resource
2023-12-30 20:54:14,856 ERROR com.business.manager.security.security.RestAuthenticationEntryPoint [http-nio-8090-exec-2] Responding with unauthorized error. Message - Full authentication is required to access this resource
2023-12-30 20:54:14,859 ERROR com.business.manager.security.security.RestAuthenticationEntryPoint [http-nio-8090-exec-4] Responding with unauthorized error. Message - Full authentication is required to access this resource
2023-12-30 20:55:23,350 ERROR com.business.manager.security.security.RestAuthenticationEntryPoint [http-nio-8090-exec-6] Responding with unauthorized error. Message - Full authentication is required to access this resource
2023-12-30 20:55:23,355 ERROR com.business.manager.security.security.RestAuthenticationEntryPoint [http-nio-8090-exec-10] Responding with unauthorized error. Message - Full authentication is required to access this resource
2023-12-30 21:23:35,334 WARN com.zaxxer.hikari.pool.HikariPool$HouseKeeper [HikariPool-1 housekeeper] HikariPool-1 - Thread starvation or clock leap detected (housekeeper delta=18m57s302ms).
2023-12-30 21:39:42,769 WARN com.zaxxer.hikari.pool.HikariPool$HouseKeeper [HikariPool-1 housekeeper] HikariPool-1 - Thread starvation or clock leap detected (housekeeper delta=16m7s483ms).
2023-12-30 21:54:51,146 WARN com.zaxxer.hikari.pool.HikariPool$HouseKeeper [HikariPool-1 housekeeper] HikariPool-1 - Thread starvation or clock leap detected (housekeeper delta=15m8s376ms).
2023-12-30 22:01:53,198 INFO com.business.manager.service.process.StaticDataRefresher [pool-1-thread-1] Refreshing cached static data from database.
2023-12-30 22:01:53,233 DEBUG com.business.manager.service.process.StaticDataRefresher [pool-1-thread-1] Successfully complted refreshing cached static data from database.
